<?xml version="1.0" encoding="UTF-8"?>
<!-- Generated by org.testng.reporters.JUnitReportReporter -->
<testsuite hostname="Nabeela" failures="0" tests="1" name="amazonTests.AmazonToPurchase" time="2.575" errors="0" timestamp="2022-10-20T10:11:36 EDT" skipped="0">
  <testcase classname="amazonTests.AmazonToPurchase" name="f" time="2.575"/>
  <system-out/>
</testsuite> <!-- amazonTests.AmazonToPurchase -->
